2011/11/25 11:41:25 [error] [exception.CDbException] could not find driver
2011/11/25 11:41:25 [error] [exception.CDbException] exception 'CDbException' with message 'CDbConnection failed to open the DB connection.' in /var/www/yii/framework/db/CDbConnection.php:370
Stack trace:
#0 /var/www/yii/framework/db/CDbConnection.php(313): CDbConnection->open()
#1 /var/www/yii/framework/db/CDbConnection.php(291): CDbConnection->setActive(true)
#2 /var/www/yii/framework/base/CModule.php(372): CDbConnection->init()
#3 /var/www/yii/framework/base/CApplication.php(429): CModule->getComponent('db')
#4 /var/www/yii/framework/db/ar/CActiveRecord.php(609): CApplication->getDb()
#5 /var/www/yii/framework/db/ar/CActiveRecord.php(2275): CActiveRecord->getDbConnection()
#6 /var/www/yii/framework/db/ar/CActiveRecord.php(372): CActiveRecordMetaData->__construct(Object(Post))
#7 /var/www/yii/framework/web/CActiveDataProvider.php(72): CActiveRecord::model('Post')
#8 /var/www/yiiblog/protected/controllers/PostController.php(132): CActiveDataProvider->__construct('Post', Array)
#9 /var/www/yii/framework/web/actions/CInlineAction.php(50): PostController->actionIndex()
#10 /var/www/yii/framework/web/CController.php(300): CInlineAction->runWithParams(Array)
#11 /var/www/yii/framework/web/filters/CFilterChain.php(134): CController->runAction(Object(CInlineAction))
#12 /var/www/yii/framework/web/filters/CFilter.php(41): CFilterChain->run()
#13 /var/www/yii/framework/web/CController.php(1144): CFilter->filter(Object(CFilterChain))
#14 /var/www/yii/framework/web/filters/CInlineFilter.php(59): CController->filterAccessControl(Object(CFilterChain))
#15 /var/www/yii/framework/web/filters/CFilterChain.php(131): CInlineFilter->filter(Object(CFilterChain))
#16 /var/www/yii/framework/web/CController.php(283): CFilterChain->run()
#17 /var/www/yii/framework/web/CController.php(257): CController->runActionWithFilters(Object(CInlineAction), Array)
#18 /var/www/yii/framework/web/CWebApplication.php(277): CController->run('')
#19 /var/www/yii/framework/web/CWebApplication.php(136): CWebApplication->runController('')
#20 /var/www/yii/framework/base/CApplication.php(158): CWebApplication->processRequest()
#21 /var/www/yiiblog/index.php(11): CApplication->run()
#22 {main} REQUEST_URI=/yiiblog/index.php
2011/11/25 11:41:46 [error] [exception.CDbException] could not find driver
2011/11/25 11:41:46 [error] [exception.CDbException] exception 'CDbException' with message 'CDbConnection failed to open the DB connection.' in /var/www/yii/framework/db/CDbConnection.php:370
Stack trace:
#0 /var/www/yii/framework/db/CDbConnection.php(313): CDbConnection->open()
#1 /var/www/yii/framework/db/CDbConnection.php(291): CDbConnection->setActive(true)
#2 /var/www/yii/framework/base/CModule.php(372): CDbConnection->init()
#3 /var/www/yii/framework/base/CApplication.php(429): CModule->getComponent('db')
#4 /var/www/yii/framework/db/ar/CActiveRecord.php(609): CApplication->getDb()
#5 /var/www/yii/framework/db/ar/CActiveRecord.php(2275): CActiveRecord->getDbConnection()
#6 /var/www/yii/framework/db/ar/CActiveRecord.php(372): CActiveRecordMetaData->__construct(Object(Post))
#7 /var/www/yii/framework/web/CActiveDataProvider.php(72): CActiveRecord::model('Post')
#8 /var/www/yiiblog/protected/controllers/PostController.php(132): CActiveDataProvider->__construct('Post', Array)
#9 /var/www/yii/framework/web/actions/CInlineAction.php(50): PostController->actionIndex()
#10 /var/www/yii/framework/web/CController.php(300): CInlineAction->runWithParams(Array)
#11 /var/www/yii/framework/web/filters/CFilterChain.php(134): CController->runAction(Object(CInlineAction))
#12 /var/www/yii/framework/web/filters/CFilter.php(41): CFilterChain->run()
#13 /var/www/yii/framework/web/CController.php(1144): CFilter->filter(Object(CFilterChain))
#14 /var/www/yii/framework/web/filters/CInlineFilter.php(59): CController->filterAccessControl(Object(CFilterChain))
#15 /var/www/yii/framework/web/filters/CFilterChain.php(131): CInlineFilter->filter(Object(CFilterChain))
#16 /var/www/yii/framework/web/CController.php(283): CFilterChain->run()
#17 /var/www/yii/framework/web/CController.php(257): CController->runActionWithFilters(Object(CInlineAction), Array)
#18 /var/www/yii/framework/web/CWebApplication.php(277): CController->run('')
#19 /var/www/yii/framework/web/CWebApplication.php(136): CWebApplication->runController('')
#20 /var/www/yii/framework/base/CApplication.php(158): CWebApplication->processRequest()
#21 /var/www/yiiblog/index.php(11): CApplication->run()
#22 {main} REQUEST_URI=/yiiblog/index.php
2011/11/25 11:41:48 [error] [exception.CDbException] could not find driver
2011/11/25 11:41:48 [error] [exception.CDbException] exception 'CDbException' with message 'CDbConnection failed to open the DB connection.' in /var/www/yii/framework/db/CDbConnection.php:370
Stack trace:
#0 /var/www/yii/framework/db/CDbConnection.php(313): CDbConnection->open()
#1 /var/www/yii/framework/db/CDbConnection.php(291): CDbConnection->setActive(true)
#2 /var/www/yii/framework/base/CModule.php(372): CDbConnection->init()
#3 /var/www/yii/framework/base/CApplication.php(429): CModule->getComponent('db')
#4 /var/www/yii/framework/db/ar/CActiveRecord.php(609): CApplication->getDb()
#5 /var/www/yii/framework/db/ar/CActiveRecord.php(2275): CActiveRecord->getDbConnection()
#6 /var/www/yii/framework/db/ar/CActiveRecord.php(372): CActiveRecordMetaData->__construct(Object(Post))
#7 /var/www/yii/framework/web/CActiveDataProvider.php(72): CActiveRecord::model('Post')
#8 /var/www/yiiblog/protected/controllers/PostController.php(132): CActiveDataProvider->__construct('Post', Array)
#9 /var/www/yii/framework/web/actions/CInlineAction.php(50): PostController->actionIndex()
#10 /var/www/yii/framework/web/CController.php(300): CInlineAction->runWithParams(Array)
#11 /var/www/yii/framework/web/filters/CFilterChain.php(134): CController->runAction(Object(CInlineAction))
#12 /var/www/yii/framework/web/filters/CFilter.php(41): CFilterChain->run()
#13 /var/www/yii/framework/web/CController.php(1144): CFilter->filter(Object(CFilterChain))
#14 /var/www/yii/framework/web/filters/CInlineFilter.php(59): CController->filterAccessControl(Object(CFilterChain))
#15 /var/www/yii/framework/web/filters/CFilterChain.php(131): CInlineFilter->filter(Object(CFilterChain))
#16 /var/www/yii/framework/web/CController.php(283): CFilterChain->run()
#17 /var/www/yii/framework/web/CController.php(257): CController->runActionWithFilters(Object(CInlineAction), Array)
#18 /var/www/yii/framework/web/CWebApplication.php(277): CController->run('index')
#19 /var/www/yii/framework/web/CWebApplication.php(136): CWebApplication->runController('post/index')
#20 /var/www/yii/framework/base/CApplication.php(158): CWebApplication->processRequest()
#21 /var/www/yiiblog/index.php(11): CApplication->run()
#22 {main} REQUEST_URI=/yiiblog/index.php/post/index
2011/11/25 11:43:25 [error] [exception.CDbException] could not find driver
2011/11/25 11:43:25 [error] [exception.CDbException] exception 'CDbException' with message 'CDbConnection failed to open the DB connection.' in /var/www/yii/framework/db/CDbConnection.php:370
Stack trace:
#0 /var/www/yii/framework/db/CDbConnection.php(313): CDbConnection->open()
#1 /var/www/yii/framework/db/CDbConnection.php(291): CDbConnection->setActive(true)
#2 /var/www/yii/framework/base/CModule.php(372): CDbConnection->init()
#3 /var/www/yii/framework/base/CApplication.php(429): CModule->getComponent('db')
#4 /var/www/yii/framework/db/ar/CActiveRecord.php(609): CApplication->getDb()
#5 /var/www/yii/framework/db/ar/CActiveRecord.php(2275): CActiveRecord->getDbConnection()
#6 /var/www/yii/framework/db/ar/CActiveRecord.php(372): CActiveRecordMetaData->__construct(Object(Post))
#7 /var/www/yii/framework/web/CActiveDataProvider.php(72): CActiveRecord::model('Post')
#8 /var/www/yiiblog/protected/controllers/PostController.php(132): CActiveDataProvider->__construct('Post', Array)
#9 /var/www/yii/framework/web/actions/CInlineAction.php(50): PostController->actionIndex()
#10 /var/www/yii/framework/web/CController.php(300): CInlineAction->runWithParams(Array)
#11 /var/www/yii/framework/web/filters/CFilterChain.php(134): CController->runAction(Object(CInlineAction))
#12 /var/www/yii/framework/web/filters/CFilter.php(41): CFilterChain->run()
#13 /var/www/yii/framework/web/CController.php(1144): CFilter->filter(Object(CFilterChain))
#14 /var/www/yii/framework/web/filters/CInlineFilter.php(59): CController->filterAccessControl(Object(CFilterChain))
#15 /var/www/yii/framework/web/filters/CFilterChain.php(131): CInlineFilter->filter(Object(CFilterChain))
#16 /var/www/yii/framework/web/CController.php(283): CFilterChain->run()
#17 /var/www/yii/framework/web/CController.php(257): CController->runActionWithFilters(Object(CInlineAction), Array)
#18 /var/www/yii/framework/web/CWebApplication.php(277): CController->run('index')
#19 /var/www/yii/framework/web/CWebApplication.php(136): CWebApplication->runController('post/index')
#20 /var/www/yii/framework/base/CApplication.php(158): CWebApplication->processRequest()
#21 /var/www/yiiblog/index.php(11): CApplication->run()
#22 {main} REQUEST_URI=/yiiblog/index.php/post/index
2011/11/25 11:43:27 [error] [exception.CDbException] could not find driver
2011/11/25 11:43:27 [error] [exception.CDbException] exception 'CDbException' with message 'CDbConnection failed to open the DB connection.' in /var/www/yii/framework/db/CDbConnection.php:370
Stack trace:
#0 /var/www/yii/framework/db/CDbConnection.php(313): CDbConnection->open()
#1 /var/www/yii/framework/db/CDbConnection.php(291): CDbConnection->setActive(true)
#2 /var/www/yii/framework/base/CModule.php(372): CDbConnection->init()
#3 /var/www/yii/framework/base/CApplication.php(429): CModule->getComponent('db')
#4 /var/www/yii/framework/db/ar/CActiveRecord.php(609): CApplication->getDb()
#5 /var/www/yii/framework/db/ar/CActiveRecord.php(2275): CActiveRecord->getDbConnection()
#6 /var/www/yii/framework/db/ar/CActiveRecord.php(372): CActiveRecordMetaData->__construct(Object(Post))
#7 /var/www/yii/framework/web/CActiveDataProvider.php(72): CActiveRecord::model('Post')
#8 /var/www/yiiblog/protected/controllers/PostController.php(132): CActiveDataProvider->__construct('Post', Array)
#9 /var/www/yii/framework/web/actions/CInlineAction.php(50): PostController->actionIndex()
#10 /var/www/yii/framework/web/CController.php(300): CInlineAction->runWithParams(Array)
#11 /var/www/yii/framework/web/filters/CFilterChain.php(134): CController->runAction(Object(CInlineAction))
#12 /var/www/yii/framework/web/filters/CFilter.php(41): CFilterChain->run()
#13 /var/www/yii/framework/web/CController.php(1144): CFilter->filter(Object(CFilterChain))
#14 /var/www/yii/framework/web/filters/CInlineFilter.php(59): CController->filterAccessControl(Object(CFilterChain))
#15 /var/www/yii/framework/web/filters/CFilterChain.php(131): CInlineFilter->filter(Object(CFilterChain))
#16 /var/www/yii/framework/web/CController.php(283): CFilterChain->run()
#17 /var/www/yii/framework/web/CController.php(257): CController->runActionWithFilters(Object(CInlineAction), Array)
#18 /var/www/yii/framework/web/CWebApplication.php(277): CController->run('')
#19 /var/www/yii/framework/web/CWebApplication.php(136): CWebApplication->runController('')
#20 /var/www/yii/framework/base/CApplication.php(158): CWebApplication->processRequest()
#21 /var/www/yiiblog/index.php(11): CApplication->run()
#22 {main} REQUEST_URI=/yiiblog/index.php
2011/11/25 11:44:24 [error] [exception.CDbException] could not find driver
2011/11/25 11:44:24 [error] [exception.CDbException] exception 'CDbException' with message 'CDbConnection failed to open the DB connection.' in /var/www/yii/framework/db/CDbConnection.php:370
Stack trace:
#0 /var/www/yii/framework/db/CDbConnection.php(313): CDbConnection->open()
#1 /var/www/yii/framework/db/CDbConnection.php(291): CDbConnection->setActive(true)
#2 /var/www/yii/framework/base/CModule.php(372): CDbConnection->init()
#3 /var/www/yii/framework/base/CApplication.php(429): CModule->getComponent('db')
#4 /var/www/yii/framework/db/ar/CActiveRecord.php(609): CApplication->getDb()
#5 /var/www/yii/framework/db/ar/CActiveRecord.php(2275): CActiveRecord->getDbConnection()
#6 /var/www/yii/framework/db/ar/CActiveRecord.php(372): CActiveRecordMetaData->__construct(Object(Post))
#7 /var/www/yii/framework/web/CActiveDataProvider.php(72): CActiveRecord::model('Post')
#8 /var/www/yiiblog/protected/controllers/PostController.php(132): CActiveDataProvider->__construct('Post', Array)
#9 /var/www/yii/framework/web/actions/CInlineAction.php(50): PostController->actionIndex()
#10 /var/www/yii/framework/web/CController.php(300): CInlineAction->runWithParams(Array)
#11 /var/www/yii/framework/web/filters/CFilterChain.php(134): CController->runAction(Object(CInlineAction))
#12 /var/www/yii/framework/web/filters/CFilter.php(41): CFilterChain->run()
#13 /var/www/yii/framework/web/CController.php(1144): CFilter->filter(Object(CFilterChain))
#14 /var/www/yii/framework/web/filters/CInlineFilter.php(59): CController->filterAccessControl(Object(CFilterChain))
#15 /var/www/yii/framework/web/filters/CFilterChain.php(131): CInlineFilter->filter(Object(CFilterChain))
#16 /var/www/yii/framework/web/CController.php(283): CFilterChain->run()
#17 /var/www/yii/framework/web/CController.php(257): CController->runActionWithFilters(Object(CInlineAction), Array)
#18 /var/www/yii/framework/web/CWebApplication.php(277): CController->run('')
#19 /var/www/yii/framework/web/CWebApplication.php(136): CWebApplication->runController('')
#20 /var/www/yii/framework/base/CApplication.php(158): CWebApplication->processRequest()
#21 /var/www/yiiblog/index.php(11): CApplication->run()
#22 {main} REQUEST_URI=/yiiblog/index.php
2011/11/25 11:44:24 [error] [exception.CDbException] could not find driver
2011/11/25 11:44:24 [error] [exception.CDbException] exception 'CDbException' with message 'CDbConnection failed to open the DB connection.' in /var/www/yii/framework/db/CDbConnection.php:370
Stack trace:
#0 /var/www/yii/framework/db/CDbConnection.php(313): CDbConnection->open()
#1 /var/www/yii/framework/db/CDbConnection.php(291): CDbConnection->setActive(true)
#2 /var/www/yii/framework/base/CModule.php(372): CDbConnection->init()
#3 /var/www/yii/framework/base/CApplication.php(429): CModule->getComponent('db')
#4 /var/www/yii/framework/db/ar/CActiveRecord.php(609): CApplication->getDb()
#5 /var/www/yii/framework/db/ar/CActiveRecord.php(2275): CActiveRecord->getDbConnection()
#6 /var/www/yii/framework/db/ar/CActiveRecord.php(372): CActiveRecordMetaData->__construct(Object(Post))
#7 /var/www/yii/framework/web/CActiveDataProvider.php(72): CActiveRecord::model('Post')
#8 /var/www/yiiblog/protected/controllers/PostController.php(132): CActiveDataProvider->__construct('Post', Array)
#9 /var/www/yii/framework/web/actions/CInlineAction.php(50): PostController->actionIndex()
#10 /var/www/yii/framework/web/CController.php(300): CInlineAction->runWithParams(Array)
#11 /var/www/yii/framework/web/filters/CFilterChain.php(134): CController->runAction(Object(CInlineAction))
#12 /var/www/yii/framework/web/filters/CFilter.php(41): CFilterChain->run()
#13 /var/www/yii/framework/web/CController.php(1144): CFilter->filter(Object(CFilterChain))
#14 /var/www/yii/framework/web/filters/CInlineFilter.php(59): CController->filterAccessControl(Object(CFilterChain))
#15 /var/www/yii/framework/web/filters/CFilterChain.php(131): CInlineFilter->filter(Object(CFilterChain))
#16 /var/www/yii/framework/web/CController.php(283): CFilterChain->run()
#17 /var/www/yii/framework/web/CController.php(257): CController->runActionWithFilters(Object(CInlineAction), Array)
#18 /var/www/yii/framework/web/CWebApplication.php(277): CController->run('')
#19 /var/www/yii/framework/web/CWebApplication.php(136): CWebApplication->runController('')
#20 /var/www/yii/framework/base/CApplication.php(158): CWebApplication->processRequest()
#21 /var/www/yiiblog/index.php(11): CApplication->run()
#22 {main} REQUEST_URI=/yiiblog/index.php
2011/11/25 11:44:25 [error] [exception.CDbException] could not find driver
2011/11/25 11:44:25 [error] [exception.CDbException] exception 'CDbException' with message 'CDbConnection failed to open the DB connection.' in /var/www/yii/framework/db/CDbConnection.php:370
Stack trace:
#0 /var/www/yii/framework/db/CDbConnection.php(313): CDbConnection->open()
#1 /var/www/yii/framework/db/CDbConnection.php(291): CDbConnection->setActive(true)
#2 /var/www/yii/framework/base/CModule.php(372): CDbConnection->init()
#3 /var/www/yii/framework/base/CApplication.php(429): CModule->getComponent('db')
#4 /var/www/yii/framework/db/ar/CActiveRecord.php(609): CApplication->getDb()
#5 /var/www/yii/framework/db/ar/CActiveRecord.php(2275): CActiveRecord->getDbConnection()
#6 /var/www/yii/framework/db/ar/CActiveRecord.php(372): CActiveRecordMetaData->__construct(Object(Post))
#7 /var/www/yii/framework/web/CActiveDataProvider.php(72): CActiveRecord::model('Post')
#8 /var/www/yiiblog/protected/controllers/PostController.php(132): CActiveDataProvider->__construct('Post', Array)
#9 /var/www/yii/framework/web/actions/CInlineAction.php(50): PostController->actionIndex()
#10 /var/www/yii/framework/web/CController.php(300): CInlineAction->runWithParams(Array)
#11 /var/www/yii/framework/web/filters/CFilterChain.php(134): CController->runAction(Object(CInlineAction))
#12 /var/www/yii/framework/web/filters/CFilter.php(41): CFilterChain->run()
#13 /var/www/yii/framework/web/CController.php(1144): CFilter->filter(Object(CFilterChain))
#14 /var/www/yii/framework/web/filters/CInlineFilter.php(59): CController->filterAccessControl(Object(CFilterChain))
#15 /var/www/yii/framework/web/filters/CFilterChain.php(131): CInlineFilter->filter(Object(CFilterChain))
#16 /var/www/yii/framework/web/CController.php(283): CFilterChain->run()
#17 /var/www/yii/framework/web/CController.php(257): CController->runActionWithFilters(Object(CInlineAction), Array)
#18 /var/www/yii/framework/web/CWebApplication.php(277): CController->run('')
#19 /var/www/yii/framework/web/CWebApplication.php(136): CWebApplication->runController('')
#20 /var/www/yii/framework/base/CApplication.php(158): CWebApplication->processRequest()
#21 /var/www/yiiblog/index.php(11): CApplication->run()
#22 {main} REQUEST_URI=/yiiblog/index.php
2011/11/25 11:46:27 [error] [exception.CDbException] could not find driver
2011/11/25 11:46:27 [error] [exception.CDbException] exception 'CDbException' with message 'CDbConnection failed to open the DB connection.' in /var/www/yii/framework/db/CDbConnection.php:370
Stack trace:
#0 /var/www/yii/framework/db/CDbConnection.php(313): CDbConnection->open()
#1 /var/www/yii/framework/db/CDbConnection.php(291): CDbConnection->setActive(true)
#2 /var/www/yii/framework/base/CModule.php(372): CDbConnection->init()
#3 /var/www/yii/framework/base/CApplication.php(429): CModule->getComponent('db')
#4 /var/www/yii/framework/db/ar/CActiveRecord.php(609): CApplication->getDb()
#5 /var/www/yii/framework/db/ar/CActiveRecord.php(2275): CActiveRecord->getDbConnection()
#6 /var/www/yii/framework/db/ar/CActiveRecord.php(372): CActiveRecordMetaData->__construct(Object(Post))
#7 /var/www/yii/framework/web/CActiveDataProvider.php(72): CActiveRecord::model('Post')
#8 /var/www/yiiblog/protected/controllers/PostController.php(132): CActiveDataProvider->__construct('Post', Array)
#9 /var/www/yii/framework/web/actions/CInlineAction.php(50): PostController->actionIndex()
#10 /var/www/yii/framework/web/CController.php(300): CInlineAction->runWithParams(Array)
#11 /var/www/yii/framework/web/filters/CFilterChain.php(134): CController->runAction(Object(CInlineAction))
#12 /var/www/yii/framework/web/filters/CFilter.php(41): CFilterChain->run()
#13 /var/www/yii/framework/web/CController.php(1144): CFilter->filter(Object(CFilterChain))
#14 /var/www/yii/framework/web/filters/CInlineFilter.php(59): CController->filterAccessControl(Object(CFilterChain))
#15 /var/www/yii/framework/web/filters/CFilterChain.php(131): CInlineFilter->filter(Object(CFilterChain))
#16 /var/www/yii/framework/web/CController.php(283): CFilterChain->run()
#17 /var/www/yii/framework/web/CController.php(257): CController->runActionWithFilters(Object(CInlineAction), Array)
#18 /var/www/yii/framework/web/CWebApplication.php(277): CController->run('')
#19 /var/www/yii/framework/web/CWebApplication.php(136): CWebApplication->runController('')
#20 /var/www/yii/framework/base/CApplication.php(158): CWebApplication->processRequest()
#21 /var/www/yiiblog/index.php(11): CApplication->run()
#22 {main} REQUEST_URI=/yiiblog/index.php
2011/11/25 11:46:27 [error] [exception.CDbException] could not find driver
2011/11/25 11:46:27 [error] [exception.CDbException] exception 'CDbException' with message 'CDbConnection failed to open the DB connection.' in /var/www/yii/framework/db/CDbConnection.php:370
Stack trace:
#0 /var/www/yii/framework/db/CDbConnection.php(313): CDbConnection->open()
#1 /var/www/yii/framework/db/CDbConnection.php(291): CDbConnection->setActive(true)
#2 /var/www/yii/framework/base/CModule.php(372): CDbConnection->init()
#3 /var/www/yii/framework/base/CApplication.php(429): CModule->getComponent('db')
#4 /var/www/yii/framework/db/ar/CActiveRecord.php(609): CApplication->getDb()
#5 /var/www/yii/framework/db/ar/CActiveRecord.php(2275): CActiveRecord->getDbConnection()
#6 /var/www/yii/framework/db/ar/CActiveRecord.php(372): CActiveRecordMetaData->__construct(Object(Post))
#7 /var/www/yii/framework/web/CActiveDataProvider.php(72): CActiveRecord::model('Post')
#8 /var/www/yiiblog/protected/controllers/PostController.php(132): CActiveDataProvider->__construct('Post', Array)
#9 /var/www/yii/framework/web/actions/CInlineAction.php(50): PostController->actionIndex()
#10 /var/www/yii/framework/web/CController.php(300): CInlineAction->runWithParams(Array)
#11 /var/www/yii/framework/web/filters/CFilterChain.php(134): CController->runAction(Object(CInlineAction))
#12 /var/www/yii/framework/web/filters/CFilter.php(41): CFilterChain->run()
#13 /var/www/yii/framework/web/CController.php(1144): CFilter->filter(Object(CFilterChain))
#14 /var/www/yii/framework/web/filters/CInlineFilter.php(59): CController->filterAccessControl(Object(CFilterChain))
#15 /var/www/yii/framework/web/filters/CFilterChain.php(131): CInlineFilter->filter(Object(CFilterChain))
#16 /var/www/yii/framework/web/CController.php(283): CFilterChain->run()
#17 /var/www/yii/framework/web/CController.php(257): CController->runActionWithFilters(Object(CInlineAction), Array)
#18 /var/www/yii/framework/web/CWebApplication.php(277): CController->run('')
#19 /var/www/yii/framework/web/CWebApplication.php(136): CWebApplication->runController('')
#20 /var/www/yii/framework/base/CApplication.php(158): CWebApplication->processRequest()
#21 /var/www/yiiblog/index.php(11): CApplication->run()
#22 {main} REQUEST_URI=/yiiblog/index.php
